<?xml version="1.0" encoding="UTF-8"?>
<testsuite xmlns:xsi="http://www.w3.org/2001/XMLSchema-instance" xsi:noNamespaceSchemaLocation="https://maven.apache.org/surefire/maven-surefire-plugin/xsd/surefire-test-report-3.0.xsd" version="3.0" name="TestSuite" time="11.038" tests="4" errors="0" skipped="0" failures="0">
  <properties>
[...]
</properties>
  <testcase name="login" classname="com.apiautomation.demo.tests.AuthTests" time="5.826">
    <system-out><![CDATA[05:38:01.268 [main] INFO  com.api.listeners.TestListener -Test Suite Started !!
05:38:01.334 [main] INFO  com.api.listeners.TestListener -Start test login
05:38:01.335 [main] INFO  com.api.listeners.TestListener -Description verify if login is working
05:38:04.139 [main] INFO  com.apiautomation.filters.LoggingFilter -BASE URI: http://64.227.160.186:8080
05:38:04.140 [main] INFO  com.apiautomation.filters.LoggingFilter -Headers :  Accept=*/*
Content-Type=application/json
05:38:04.140 [main] INFO  com.apiautomation.filters.LoggingFilter -Body : {"username":"vvk6","password":"pwd123"}
05:38:06.990 [main] INFO  com.apiautomation.filters.LoggingFilter -Status Code: 200
05:38:06.991 [main] INFO  com.apiautomation.filters.LoggingFilter -Response Headers :  Vary=Origin
Vary=Access-Control-Request-Method
Vary=Access-Control-Request-Headers
Access-Control-Allow-Origin=https://swift.techwithjatin.com
Access-Control-Allow-Methods=GET, POST, PUT, DELETE, OPTIONS
Access-Control-Max-Age=3600
Access-Control-Allow-Headers=Authorization, Content-Type, Accept
Access-Control-Allow-Credentials=true
X-Content-Type-Options=nosniff
X-XSS-Protection=0
Cache-Control=no-cache, no-store, max-age=0, must-revalidate
Pragma=no-cache
Expires=0
X-Frame-Options=DENY
Content-Type=application/json
Transfer-Encoding=chunked
Date=Fri, 04 Apr 2025 00:08:06 GMT
Keep-Alive=timeout=60
Connection=keep-alive
{
    "token": "eyJhbGciOiJIUzI1NiJ9.eyJzdWIiOiJ2dms2IiwiaWF0IjoxNzQzNzI1Mjg2LCJleHAiOjE3NDM3Mjg4ODZ9.4VEuSk31-ZF6BAKzNLiw7XSICxJaYTQ_iwbUTv6mnV8",
    "type": "Bearer",
    "id": 594,
    "username": "vvk6",
    "email": "rahul.sharma@gmail.com",
    "roles": [
        "ROLE_USER"
    ]
}
05:38:07.078 [main] INFO  com.apiautomation.filters.LoggingFilter -Response Body : {
    "token": "eyJhbGciOiJIUzI1NiJ9.eyJzdWIiOiJ2dms2IiwiaWF0IjoxNzQzNzI1Mjg2LCJleHAiOjE3NDM3Mjg4ODZ9.4VEuSk31-ZF6BAKzNLiw7XSICxJaYTQ_iwbUTv6mnV8",
    "type": "Bearer",
    "id": 594,
    "username": "vvk6",
    "email": "rahul.sharma@gmail.com",
    "roles": [
        "ROLE_USER"
    ]
}
{
    "token": "eyJhbGciOiJIUzI1NiJ9.eyJzdWIiOiJ2dms2IiwiaWF0IjoxNzQzNzI1Mjg2LCJleHAiOjE3NDM3Mjg4ODZ9.4VEuSk31-ZF6BAKzNLiw7XSICxJaYTQ_iwbUTv6mnV8",
    "type": "Bearer",
    "id": 594,
    "username": "vvk6",
    "email": "rahul.sharma@gmail.com",
    "roles": [
        "ROLE_USER"
    ]
}
200
eyJhbGciOiJIUzI1NiJ9.eyJzdWIiOiJ2dms2IiwiaWF0IjoxNzQzNzI1Mjg2LCJleHAiOjE3NDM3Mjg4ODZ9.4VEuSk31-ZF6BAKzNLiw7XSICxJaYTQ_iwbUTv6mnV8
]]></system-out>
    <system-err><![CDATA[SLF4J(W): No SLF4J providers were found.
SLF4J(W): Defaulting to no-operation (NOP) logger implementation
SLF4J(W): See https://www.slf4j.org/codes.html#noProviders for further details.
]]></system-err>
  </testcase>
  <testcase name="signup" classname="com.apiautomation.demo.tests.AuthTests" time="0.447">
    <system-out><![CDATA[05:38:07.154 [main] INFO  com.api.listeners.TestListener -Passed login
05:38:07.155 [main] INFO  com.api.listeners.TestListener -Description verify if login is working
05:38:07.157 [main] INFO  com.api.listeners.TestListener -Start test signup
05:38:07.158 [main] INFO  com.api.listeners.TestListener -Description verify new user can signup
05:38:07.176 [main] INFO  com.apiautomation.filters.LoggingFilter -BASE URI: http://64.227.160.186:8080
05:38:07.176 [main] INFO  com.apiautomation.filters.LoggingFilter -Headers :  Accept=*/*
Content-Type=application/json
05:38:07.176 [main] INFO  com.apiautomation.filters.LoggingFilter -Body : {"username":"Ramk1","password":"kRam123","email":"kram.kendre34@gmail.com","firstName":"thukaram","lastName":"Kendre","mobileNumber":"7766234879"}
05:38:07.560 [main] INFO  com.apiautomation.filters.LoggingFilter -Status Code: 400
05:38:07.561 [main] INFO  com.apiautomation.filters.LoggingFilter -Response Headers :  Vary=Origin
Vary=Access-Control-Request-Method
Vary=Access-Control-Request-Headers
Access-Control-Allow-Origin=https://swift.techwithjatin.com
Access-Control-Allow-Methods=GET, POST, PUT, DELETE, OPTIONS
Access-Control-Max-Age=3600
Access-Control-Allow-Headers=Authorization, Content-Type, Accept
Access-Control-Allow-Credentials=true
X-Content-Type-Options=nosniff
X-XSS-Protection=0
Cache-Control=no-cache, no-store, max-age=0, must-revalidate
Pragma=no-cache
Expires=0
X-Frame-Options=DENY
Content-Type=text/plain;charset=UTF-8
Content-Length=33
Date=Fri, 04 Apr 2025 00:08:07 GMT
Connection=close
Error: Username is already taken!
05:38:07.595 [main] INFO  com.apiautomation.filters.LoggingFilter -Response Body : Error: Username is already taken!
Error: Username is already taken!
400
]]></system-out>
  </testcase>
  <testcase name="UpdateProfileTest" classname="com.apiautomation.demo.tests.UpdateProfie" time="0.816">
    <system-out><![CDATA[05:38:07.597 [main] INFO  com.api.listeners.TestListener -Passed signup
05:38:07.597 [main] INFO  com.api.listeners.TestListener -Description verify new user can signup
05:38:07.608 [main] INFO  com.api.listeners.TestListener -Start test UpdateProfileTest
05:38:07.609 [main] INFO  com.api.listeners.TestListener -Description verify if the user can update his details
05:38:07.630 [main] INFO  com.apiautomation.filters.LoggingFilter -BASE URI: http://64.227.160.186:8080
05:38:07.631 [main] INFO  com.apiautomation.filters.LoggingFilter -Headers :  Accept=*/*
Content-Type=application/json
05:38:07.631 [main] INFO  com.apiautomation.filters.LoggingFilter -Body : {"username":"Travis","password":"travis666"}
05:38:07.806 [main] INFO  com.apiautomation.filters.LoggingFilter -Status Code: 200
05:38:07.807 [main] INFO  com.apiautomation.filters.LoggingFilter -Response Headers :  Vary=Origin
Vary=Access-Control-Request-Method
Vary=Access-Control-Request-Headers
Access-Control-Allow-Origin=https://swift.techwithjatin.com
Access-Control-Allow-Methods=GET, POST, PUT, DELETE, OPTIONS
Access-Control-Max-Age=3600
Access-Control-Allow-Headers=Authorization, Content-Type, Accept
Access-Control-Allow-Credentials=true
X-Content-Type-Options=nosniff
X-XSS-Protection=0
Cache-Control=no-cache, no-store, max-age=0, must-revalidate
Pragma=no-cache
Expires=0
X-Frame-Options=DENY
Content-Type=application/json
Transfer-Encoding=chunked
Date=Fri, 04 Apr 2025 00:08:07 GMT
Keep-Alive=timeout=60
Connection=keep-alive
{
    "token": "eyJhbGciOiJIUzI1NiJ9.eyJzdWIiOiJUcmF2aXMiLCJpYXQiOjE3NDM3MjUyODcsImV4cCI6MTc0MzcyODg4N30.Bi13TG-morPOfk3aXe-l4JNu0b1cGHnCw4RGs4aTpLI",
    "type": "Bearer",
    "id": 631,
    "username": "Travis",
    "email": "travis.head@gmail.com",
    "roles": [
        "ROLE_USER"
    ]
}
05:38:07.812 [main] INFO  com.apiautomation.filters.LoggingFilter -Response Body : {
    "token": "eyJhbGciOiJIUzI1NiJ9.eyJzdWIiOiJUcmF2aXMiLCJpYXQiOjE3NDM3MjUyODcsImV4cCI6MTc0MzcyODg4N30.Bi13TG-morPOfk3aXe-l4JNu0b1cGHnCw4RGs4aTpLI",
    "type": "Bearer",
    "id": 631,
    "username": "Travis",
    "email": "travis.head@gmail.com",
    "roles": [
        "ROLE_USER"
    ]
}
{
    "token": "eyJhbGciOiJIUzI1NiJ9.eyJzdWIiOiJUcmF2aXMiLCJpYXQiOjE3NDM3MjUyODcsImV4cCI6MTc0MzcyODg4N30.Bi13TG-morPOfk3aXe-l4JNu0b1cGHnCw4RGs4aTpLI",
    "type": "Bearer",
    "id": 631,
    "username": "Travis",
    "email": "travis.head@gmail.com",
    "roles": [
        "ROLE_USER"
    ]
}
--------------------------------------------------
05:38:07.834 [main] INFO  com.apiautomation.filters.LoggingFilter -BASE URI: http://64.227.160.186:8080
05:38:07.835 [main] INFO  com.apiautomation.filters.LoggingFilter -Headers :  Authorization=Bearer eyJhbGciOiJIUzI1NiJ9.eyJzdWIiOiJUcmF2aXMiLCJpYXQiOjE3NDM3MjUyODcsImV4cCI6MTc0MzcyODg4N30.Bi13TG-morPOfk3aXe-l4JNu0b1cGHnCw4RGs4aTpLI
Accept=*/*
05:38:07.835 [main] INFO  com.apiautomation.filters.LoggingFilter -Body : null
05:38:08.225 [main] INFO  com.apiautomation.filters.LoggingFilter -Status Code: 200
05:38:08.226 [main] INFO  com.apiautomation.filters.LoggingFilter -Response Headers :  Vary=Origin
Vary=Access-Control-Request-Method
Vary=Access-Control-Request-Headers
Access-Control-Allow-Origin=https://swift.techwithjatin.com
Access-Control-Allow-Methods=GET, POST, PUT, DELETE, OPTIONS
Access-Control-Max-Age=3600
Access-Control-Allow-Headers=Authorization, Content-Type, Accept
Access-Control-Allow-Credentials=true
X-Content-Type-Options=nosniff
X-XSS-Protection=0
Cache-Control=no-cache, no-store, max-age=0, must-revalidate
Pragma=no-cache
Expires=0
X-Frame-Options=DENY
Content-Type=application/json
Transfer-Encoding=chunked
Date=Fri, 04 Apr 2025 00:08:08 GMT
Keep-Alive=timeout=60
Connection=keep-alive
{
    "id": 631,
    "username": "Travis",
    "email": "travis.head@gmail.com",
    "firstName": "Travis jr",
    "lastName": "Head",
    "mobileNumber": "9192939495"
}
05:38:08.231 [main] INFO  com.apiautomation.filters.LoggingFilter -Response Body : {
    "id": 631,
    "username": "Travis",
    "email": "travis.head@gmail.com",
    "firstName": "Travis jr",
    "lastName": "Head",
    "mobileNumber": "9192939495"
}
{
    "id": 631,
    "username": "Travis",
    "email": "travis.head@gmail.com",
    "firstName": "Travis jr",
    "lastName": "Head",
    "mobileNumber": "9192939495"
}
--------------------------------------------------
05:38:08.265 [main] INFO  com.apiautomation.filters.LoggingFilter -BASE URI: http://64.227.160.186:8080
05:38:08.266 [main] INFO  com.apiautomation.filters.LoggingFilter -Headers :  Authorization=Bearer eyJhbGciOiJIUzI1NiJ9.eyJzdWIiOiJUcmF2aXMiLCJpYXQiOjE3NDM3MjUyODcsImV4cCI6MTc0MzcyODg4N30.Bi13TG-morPOfk3aXe-l4JNu0b1cGHnCw4RGs4aTpLI
Accept=*/*
Authorization=Bearer eyJhbGciOiJIUzI1NiJ9.eyJzdWIiOiJUcmF2aXMiLCJpYXQiOjE3NDM3MjUyODcsImV4cCI6MTc0MzcyODg4N30.Bi13TG-morPOfk3aXe-l4JNu0b1cGHnCw4RGs4aTpLI
Content-Type=application/json
05:38:08.267 [main] INFO  com.apiautomation.filters.LoggingFilter -Body : {"firstName":"Travis jr","lastName":"Head","email":"travis.head@gmail.com","mobileNumber":"9192939495"}
05:38:08.390 [main] INFO  com.apiautomation.filters.LoggingFilter -Status Code: 200
05:38:08.390 [main] INFO  com.apiautomation.filters.LoggingFilter -Response Headers :  Vary=Origin
Vary=Access-Control-Request-Method
Vary=Access-Control-Request-Headers
Access-Control-Allow-Origin=https://swift.techwithjatin.com
Access-Control-Allow-Methods=GET, POST, PUT, DELETE, OPTIONS
Access-Control-Max-Age=3600
Access-Control-Allow-Headers=Authorization, Content-Type, Accept
Access-Control-Allow-Credentials=true
X-Content-Type-Options=nosniff
X-XSS-Protection=0
Cache-Control=no-cache, no-store, max-age=0, must-revalidate
Pragma=no-cache
Expires=0
X-Frame-Options=DENY
Content-Type=application/json
Transfer-Encoding=chunked
Date=Fri, 04 Apr 2025 00:08:08 GMT
Keep-Alive=timeout=60
Connection=keep-alive
{
    "id": 631,
    "username": "Travis",
    "email": "travis.head@gmail.com",
    "firstName": "Travis jr",
    "lastName": "Head",
    "mobileNumber": "9192939495"
}
05:38:08.391 [main] INFO  com.apiautomation.filters.LoggingFilter -Response Body : {
    "id": 631,
    "username": "Travis",
    "email": "travis.head@gmail.com",
    "firstName": "Travis jr",
    "lastName": "Head",
    "mobileNumber": "9192939495"
}
{
    "id": 631,
    "username": "Travis",
    "email": "travis.head@gmail.com",
    "firstName": "Travis jr",
    "lastName": "Head",
    "mobileNumber": "9192939495"
}
]]></system-out>
  </testcase>
  <testcase name="getUserProfile" classname="com.apiautomation.demo.tests.GetProfile" time="0.719">
    <system-out><![CDATA[05:38:08.392 [main] INFO  com.api.listeners.TestListener -Passed UpdateProfileTest
05:38:08.392 [main] INFO  com.api.listeners.TestListener -Description verify if the user can update his details
05:38:08.394 [main] INFO  com.api.listeners.TestListener -Start test getUserProfile
05:38:08.395 [main] INFO  com.api.listeners.TestListener -Description get user profile
05:38:08.412 [main] INFO  com.apiautomation.filters.LoggingFilter -BASE URI: http://64.227.160.186:8080
05:38:08.413 [main] INFO  com.apiautomation.filters.LoggingFilter -Headers :  Accept=*/*
Content-Type=application/json
05:38:08.414 [main] INFO  com.apiautomation.filters.LoggingFilter -Body : {"username":"Travis","password":"travis666"}
05:38:08.955 [main] INFO  com.apiautomation.filters.LoggingFilter -Status Code: 200
05:38:08.956 [main] INFO  com.apiautomation.filters.LoggingFilter -Response Headers :  Vary=Origin
Vary=Access-Control-Request-Method
Vary=Access-Control-Request-Headers
Access-Control-Allow-Origin=https://swift.techwithjatin.com
Access-Control-Allow-Methods=GET, POST, PUT, DELETE, OPTIONS
Access-Control-Max-Age=3600
Access-Control-Allow-Headers=Authorization, Content-Type, Accept
Access-Control-Allow-Credentials=true
X-Content-Type-Options=nosniff
X-XSS-Protection=0
Cache-Control=no-cache, no-store, max-age=0, must-revalidate
Pragma=no-cache
Expires=0
X-Frame-Options=DENY
Content-Type=application/json
Transfer-Encoding=chunked
Date=Fri, 04 Apr 2025 00:08:08 GMT
Keep-Alive=timeout=60
Connection=keep-alive
{
    "token": "eyJhbGciOiJIUzI1NiJ9.eyJzdWIiOiJUcmF2aXMiLCJpYXQiOjE3NDM3MjUyODgsImV4cCI6MTc0MzcyODg4OH0.ydcAK3rebf5AuRMYsllDtIUu4KczS_TGeb1KUh2G9iI",
    "type": "Bearer",
    "id": 631,
    "username": "Travis",
    "email": "travis.head@gmail.com",
    "roles": [
        "ROLE_USER"
    ]
}
05:38:08.960 [main] INFO  com.apiautomation.filters.LoggingFilter -Response Body : {
    "token": "eyJhbGciOiJIUzI1NiJ9.eyJzdWIiOiJUcmF2aXMiLCJpYXQiOjE3NDM3MjUyODgsImV4cCI6MTc0MzcyODg4OH0.ydcAK3rebf5AuRMYsllDtIUu4KczS_TGeb1KUh2G9iI",
    "type": "Bearer",
    "id": 631,
    "username": "Travis",
    "email": "travis.head@gmail.com",
    "roles": [
        "ROLE_USER"
    ]
}
05:38:08.979 [main] INFO  com.apiautomation.filters.LoggingFilter -BASE URI: http://64.227.160.186:8080
05:38:08.981 [main] INFO  com.apiautomation.filters.LoggingFilter -Headers :  Authorization=Bearer eyJhbGciOiJIUzI1NiJ9.eyJzdWIiOiJUcmF2aXMiLCJpYXQiOjE3NDM3MjUyODgsImV4cCI6MTc0MzcyODg4OH0.ydcAK3rebf5AuRMYsllDtIUu4KczS_TGeb1KUh2G9iI
Accept=*/*
05:38:08.981 [main] INFO  com.apiautomation.filters.LoggingFilter -Body : null
05:38:09.108 [main] INFO  com.apiautomation.filters.LoggingFilter -Status Code: 200
05:38:09.108 [main] INFO  com.apiautomation.filters.LoggingFilter -Response Headers :  Vary=Origin
Vary=Access-Control-Request-Method
Vary=Access-Control-Request-Headers
Access-Control-Allow-Origin=https://swift.techwithjatin.com
Access-Control-Allow-Methods=GET, POST, PUT, DELETE, OPTIONS
Access-Control-Max-Age=3600
Access-Control-Allow-Headers=Authorization, Content-Type, Accept
Access-Control-Allow-Credentials=true
X-Content-Type-Options=nosniff
X-XSS-Protection=0
Cache-Control=no-cache, no-store, max-age=0, must-revalidate
Pragma=no-cache
Expires=0
X-Frame-Options=DENY
Content-Type=application/json
Transfer-Encoding=chunked
Date=Fri, 04 Apr 2025 00:08:09 GMT
Keep-Alive=timeout=60
Connection=keep-alive
{
    "id": 631,
    "username": "Travis",
    "email": "travis.head@gmail.com",
    "firstName": "Travis jr",
    "lastName": "Head",
    "mobileNumber": "9192939495"
}
05:38:09.111 [main] INFO  com.apiautomation.filters.LoggingFilter -Response Body : {
    "id": 631,
    "username": "Travis",
    "email": "travis.head@gmail.com",
    "firstName": "Travis jr",
    "lastName": "Head",
    "mobileNumber": "9192939495"
}
{
    "id": 631,
    "username": "Travis",
    "email": "travis.head@gmail.com",
    "firstName": "Travis jr",
    "lastName": "Head",
    "mobileNumber": "9192939495"
}
631
]]></system-out>
  </testcase>
</testsuite>