<?xml version="1.0" encoding="UTF-8"?>
<testng-results ignored="0" total="4" passed="4" failed="0" skipped="0">
  <reporter-output>
  </reporter-output>
  <suite started-at="2025-04-04T05:38:01 IST" name="Api test Suite" finished-at="2025-04-04T05:38:09 IST" duration-ms="7869">
    <groups>
    </groups>
    <test started-at="2025-04-04T05:38:01 IST" name="Api Test" finished-at="2025-04-04T05:38:09 IST" duration-ms="7869">
      <class name="com.apiautomation.demo.tests.GetProfile">
        <test-method signature="getUserProfile()[pri:0, instance:com.apiautomation.demo.tests.GetProfile@be64738]" started-at="2025-04-04T05:38:08 IST" name="getUserProfile" description="get user profile" finished-at="2025-04-04T05:38:09 IST" duration-ms="729" status="PASS">
          <reporter-output>
          </reporter-output>
        </test-method> <!-- getUserProfile -->
      </class> <!-- com.apiautomation.demo.tests.GetProfile -->
      <class name="com.apiautomation.demo.tests.AuthTests">
        <test-method signature="login()[pri:0, instance:com.apiautomation.demo.tests.AuthTests@76908cc0]" started-at="2025-04-04T05:38:01 IST" name="login" description="verify if login is working" finished-at="2025-04-04T05:38:07 IST" duration-ms="5820" status="PASS">
          <reporter-output>
          </reporter-output>
        </test-method> <!-- login -->
        <test-method signature="signup()[pri:0, instance:com.apiautomation.demo.tests.AuthTests@76908cc0]" started-at="2025-04-04T05:38:07 IST" name="signup" description="verify new user can signup" finished-at="2025-04-04T05:38:07 IST" duration-ms="439" status="PASS">
          <reporter-output>
          </reporter-output>
        </test-method> <!-- signup -->
      </class> <!-- com.apiautomation.demo.tests.AuthTests -->
      <class name="com.apiautomation.demo.tests.UpdateProfie">
        <test-method signature="UpdateProfileTest()[pri:0, instance:com.apiautomation.demo.tests.UpdateProfie@6f96c77]" started-at="2025-04-04T05:38:07 IST" name="UpdateProfileTest" description="verify if the user can update his details" finished-at="2025-04-04T05:38:08 IST" duration-ms="783" status="PASS">
          <reporter-output>
          </reporter-output>
        </test-method> <!-- UpdateProfileTest -->
      </class> <!-- com.apiautomation.demo.tests.UpdateProfie -->
    </test> <!-- Api Test -->
  </suite> <!-- Api test Suite -->
</testng-results>
