<?xml version="1.0" encoding="UTF-8"?>
<testng-results ignored="0" total="1" passed="1" failed="0" skipped="0">
  <reporter-output>
  </reporter-output>
  <suite started-at="2025-04-01T14:09:47 IST" name="Default suite" finished-at="2025-04-01T14:09:49 IST" duration-ms="2425">
    <groups>
    </groups>
    <test started-at="2025-04-01T14:09:47 IST" name="Default test" finished-at="2025-04-01T14:09:49 IST" duration-ms="2425">
      <class name="com.apiautomation.demo.tests.UpdateProfie">
        <test-method signature="UpdateProfileTest()[pri:0, instance:com.apiautomation.demo.tests.UpdateProfie@7f3b84b8]" started-at="2025-04-01T14:09:47 IST" name="UpdateProfileTest" description="verify if the user can update his details" finished-at="2025-04-01T14:09:49 IST" duration-ms="2344" status="PASS">
          <reporter-output>
          </reporter-output>
        </test-method> <!-- UpdateProfileTest -->
      </class> <!-- com.apiautomation.demo.tests.UpdateProfie -->
    </test> <!-- Default test -->
  </suite> <!-- Default suite -->
</testng-results>
