<?xml version="1.0" encoding="UTF-8"?>
<!-- Generated by org.testng.reporters.JUnitXMLReporter -->
<testsuite ignored="0" hostname="LAPTOP-JBIL527H" failures="0" tests="4" name="Api Test" time="7.869" errors="0" timestamp="2025-04-04T05:38:09 IST">
  <testcase classname="com.apiautomation.demo.tests.AuthTests" name="login" time="5.82"/>
  <testcase classname="com.apiautomation.demo.tests.AuthTests" name="signup" time="0.439"/>
  <testcase classname="com.apiautomation.demo.tests.UpdateProfie" name="UpdateProfileTest" time="0.783"/>
  <testcase classname="com.apiautomation.demo.tests.GetProfile" name="getUserProfile" time="0.729"/>
</testsuite> <!-- Api Test -->
